TN:
SF:D:\Training\FTJB001_12-2\ng-test\src\polyfills.ts
FNF:0
FNH:0
LF:0
LH:0
BRF:0
BRH:0
end_of_record
TN:
SF:D:\Training\FTJB001_12-2\ng-test\src\test.ts
FNF:0
FNH:0
DA:13,1
DA:18,1
DA:20,1
LF:3
LH:3
BRF:0
BRH:0
end_of_record
TN:
SF:D:\Training\FTJB001_12-2\ng-test\src\spa\app.component.ts
FN:9,(anonymous_0)
FN:13,AppComponent
FN:15,(anonymous_2)
FN:18,(anonymous_3)
FNF:4
FNH:2
FNDA:1,(anonymous_0)
FNDA:2,AppComponent
FNDA:0,(anonymous_2)
FNDA:0,(anonymous_3)
DA:9,1
DA:11,2
DA:13,2
DA:15,1
DA:16,0
DA:18,1
DA:19,0
DA:22,1
LF:8
LH:6
BRF:0
BRH:0
end_of_record
TN:
SF:D:\Training\FTJB001_12-2\ng-test\src\spa\home\home.component.ts
FN:8,(anonymous_0)
FN:10,HomeComponent
FN:12,(anonymous_2)
FNF:3
FNH:3
FNDA:1,(anonymous_0)
FNDA:3,HomeComponent
FNDA:1,(anonymous_2)
DA:8,1
DA:12,1
DA:15,1
LF:3
LH:3
BRF:0
BRH:0
end_of_record
TN:
SF:D:\Training\FTJB001_12-2\ng-test\src\spa\login\login.component.ts
FN:8,(anonymous_0)
FN:10,LoginComponent
FN:12,(anonymous_2)
FNF:3
FNH:3
FNDA:1,(anonymous_0)
FNDA:2,LoginComponent
FNDA:1,(anonymous_2)
DA:8,1
DA:12,1
DA:15,1
LF:3
LH:3
BRF:0
BRH:0
end_of_record
